<!DOCTYPE html>
<html lang="en-US">
<head>

	<title>OpenWrt Forum Archive</title>

	<meta charset="UTF-8">

	<meta http-equiv="X-UA-Compatible" content="IE=edge">

	<meta name="viewport" content="width=device-width, initial-scale=1.0">
	<link rel="stylesheet" href="assets/css/common.css">

</head>
<body>

<div class="container">

<header class="main-header">
	<h1 class="logo"><a href="index.html"><img src="assets/img/logo.png" width="376" height="88" alt="OpenWrt Forum Archive"></a></h1>
</header>

<aside>
	<p>This is a read-only archive of the old OpenWrt forum. The current OpenWrt forum resides at <a href="https://forum.openwrt.org/">https://forum.openwrt.org/</a>.</p>
	<p class="minor">In May 2018, the OpenWrt forum suffered a total data loss. This archive is an effort to restore and make available as much content as possible. Content may be missing or not representing the latest edited version.</p>
</aside>

<main>
	<header>
		<h1><span class="minor">Topic:</span> cpputest for openwrt</h1>
	</header>
	<div class="notice minor">
		<p>
			The content of this topic has been archived
							on 6 May 2018.
										There are no obvious gaps in this topic, but there may still be some posts missing at the end.
					</p>
	</div>

	<div class="pagination"><div class="pagination-number">Page 1 of 1</div><nav><ul><li class="pagination-current"><span>1</span></li></ul></nav></div>
			
		
		
			<article class="post" id="p312421">
				<div class="post-metadata">
					<div class="post-num">Post #1</div>
					<div class="post-author">xueliu</div>
					<div class="post-datetime">
						24 Feb 2016, 17:22					</div>
				</div>
				<div class="post-content content">
					<p>Hello,</p><p>Now I am working on the port of Cpputest to OpenWrt BB. I have wrote a simple Makefile as<br /></p><div class="codebox"><pre><code>include $(TOPDIR)/rules.mk

PKG_NAME:=cpputest
PKG_VERSION:=3.7.x
PKG_RELEASE=1

PKG_SOURCE_PROTO:=git
PKG_SOURCE_URL:=https://github.com/cpputest/cpputest.git
PKG_SOURCE_SUBDIR:=$(PKG_NAME)-$(PKG_VERSION)
PKG_SOURCE_VERSION:=4e10635b0eb877f3a346f6b84daa88b8ec0842df
PKG_SOURCE:=$(PKG_NAME)-$(PKG_VERSION)-$(PKG_SOURCE_VERSION).tar.gz

PKG_FIXUP:=autoreconf

include $(INCLUDE_DIR)/package.mk

define Package/cpputest
  SECTION:=utils
  CATEGORY:=Utilities
  TITLE:=CppUTest is a C /C++ based unit xUnit test framework.
  DEPENDS:=
  ABI_VERSION:=$(PKG_RELEASE)
endef

define Package/cpputest/description
CppUTest is a C /C++ based unit xUnit test framework for unit testing and for test-driving your code. It is written in C++ but is used in C and C++ projects and frequently used in embedded systems but it works for any C/C++ project.
endef


define Package/cpputest/install

endef

$(eval $(call BuildPackage,cpputest))</code></pre></div><br /><p> and try to compile it. Unfortunately I get error and warning message as<br /></p><div class="codebox"><pre><code>src/CppUTestExt/IEEE754ExceptionsPlugin.cpp: In member function &#039;virtual void IEEE754ExceptionsPlugin::preTestAction(UtestShell&amp;, TestResult&amp;)&#039;:
src/CppUTestExt/IEEE754ExceptionsPlugin.cpp:48:60: error: &#039;FE_ALL_EXCEPT&#039; was not declared in this scope
     CHECK(!feclearexcept(FE_ALL_EXCEPT));
                                                            ^
src/CppUTestExt/IEEE754ExceptionsPlugin.cpp:48:73: error: &#039;feclearexcept&#039; was not declared in this scope
     CHECK(!feclearexcept(FE_ALL_EXCEPT));
                                                                         ^
src/CppUTestExt/IEEE754ExceptionsPlugin.cpp: In member function &#039;virtual void IEEE754ExceptionsPlugin::postTestAction(UtestShell&amp;, TestResult&amp;)&#039;:
src/CppUTestExt/IEEE754ExceptionsPlugin.cpp:54:36: error: &#039;FE_DIVBYZERO&#039; was not declared in this scope
         IEEE754_CHECK_CLEAR(test, result, FE_DIVBYZERO);
                                    ^
src/CppUTestExt/IEEE754ExceptionsPlugin.cpp:55:36: error: &#039;FE_OVERFLOW&#039; was not declared in this scope
         IEEE754_CHECK_CLEAR(test, result, FE_OVERFLOW);
                                    ^
src/CppUTestExt/IEEE754ExceptionsPlugin.cpp:56:36: error: &#039;FE_UNDERFLOW&#039; was not declared in this scope
         IEEE754_CHECK_CLEAR(test, result, FE_UNDERFLOW);
                                    ^
src/CppUTestExt/IEEE754ExceptionsPlugin.cpp:57:36: error: &#039;FE_INVALID&#039; was not declared in this scope
         IEEE754_CHECK_CLEAR(test, result, FE_INVALID);
                                    ^
src/CppUTestExt/IEEE754ExceptionsPlugin.cpp:58:36: error: &#039;FE_INEXACT&#039; was not declared in this scope
         IEEE754_CHECK_CLEAR(test, result, FE_INEXACT);
                                    ^
src/CppUTestExt/IEEE754ExceptionsPlugin.cpp: In member function &#039;void IEEE754ExceptionsPlugin::ieee754Check(UtestShell&amp;, TestResult&amp;, int, const char*)&#039;:
src/CppUTestExt/IEEE754ExceptionsPlugin.cpp:75:81: error: &#039;FE_INEXACT&#039; was not declared in this scope
     if(inexactDisabled_) CHECK(!feclearexcept(FE_INEXACT));
                                                                                 ^
src/CppUTestExt/IEEE754ExceptionsPlugin.cpp:75:91: error: &#039;feclearexcept&#039; was not declared in this scope
     if(inexactDisabled_) CHECK(!feclearexcept(FE_INEXACT));
                                                                                           ^
src/CppUTestExt/IEEE754ExceptionsPlugin.cpp:76:25: error: &#039;fetestexcept&#039; was not declared in this scope
     if(fetestexcept(flag)) {
                         ^
src/CppUTestExt/IEEE754ExceptionsPlugin.cpp:77:64: error: &#039;FE_ALL_EXCEPT&#039; was not declared in this scope
         CHECK(!feclearexcept(FE_ALL_EXCEPT));
                                                                ^
src/CppUTestExt/IEEE754ExceptionsPlugin.cpp:77:77: error: &#039;feclearexcept&#039; was not declared in this scope
         CHECK(!feclearexcept(FE_ALL_EXCEPT));
                                                                             ^
At global scope:
cc1plus: warning: unrecognized command line option &quot;-Wno-weak-vtables&quot; [enabled by default]
cc1plus: warning: unrecognized command line option &quot;-Wno-exit-time-destructors&quot; [enabled by default]
cc1plus: warning: unrecognized command line option &quot;-Wno-global-constructors&quot; [enabled by default]
cc1plus: warning: unrecognized command line option &quot;-Wno-keyword-macro&quot; [enabled by default]
cc1plus: warning: unrecognized command line option &quot;-Wno-reserved-id-macro&quot; [enabled by default]
cc1plus: warning: unrecognized command line option &quot;-Wno-disabled-macro-expansion&quot; [enabled by default]</code></pre></div><p>My hardware and software environment<br />Clearfog A1 Rev 2.1 with Armada 388<br />OpenWRT BB from <a href="https://github.com/MarvellEmbeddedProcessors/openwrt-bb">https://github.com/MarvellEmbeddedProcessors/openwrt-bb</a></p><p>Could someone give me some suggestions ? Thanks.</p>									</div>
			</article>

			
		
			
		
		
			<article class="post" id="p364459">
				<div class="post-metadata">
					<div class="post-num">Post #2</div>
					<div class="post-author">csz99126</div>
					<div class="post-datetime">
						28 Aug 2017, 11:47					</div>
				</div>
				<div class="post-content content">
					<p>I encounter the same problem with you... how did you get it solved</p>									</div>
			</article>

			
		
	
			<div class="notice minor">
			<p>The discussion might have continued from here.</p>
		</div>
	
	<div class="pagination"><div class="pagination-number">Page 1 of 1</div><nav><ul><li class="pagination-current"><span>1</span></li></ul></nav></div>
</main>

</div>


<!-- Created in a hurry and not indicative of usual code quality. Here's a number: 0 -->

</body>
</html>